<?xml version="1.0" encoding="UTF-8"?>
<testng-results skipped="3" failed="3" ignored="0" total="11" passed="5">
  <reporter-output>
  </reporter-output>
  <suite name="Default suite" duration-ms="37514" started-at="2018-02-11T13:01:25Z" finished-at="2018-02-11T13:02:02Z">
    <groups>
    </groups>
    <test name="Default test" duration-ms="37514" started-at="2018-02-11T13:01:25Z" finished-at="2018-02-11T13:02:02Z">
      <class name="com.mushishi.selenium.testCase.testLogin">
        <test-method status="FAIL" signature="loginpage(java.lang.String, java.lang.String)[pri:0, instance:com.mushishi.selenium.testCase.testLogin@909217e]" name="loginpage" duration-ms="0" started-at="2018-02-11T21:01:56Z" finished-at="2018-02-11T21:01:56Z">
          <exception class="org.testng.TestNGException">
            <message>
              <![CDATA[
Parameter 'username' is required by @Test on method loginpage but has not been marked @Optional or defined
in C:\Users\zhangwei\AppData\Local\Temp\testng-eclipse-976625083\testng-customsuite.xml]]>
            </message>
            <full-stacktrace>
              <![CDATA[org.testng.TestNGException: 
Parameter 'username' is required by @Test on method loginpage but has not been marked @Optional or defined
in C:\Users\zhangwei\AppData\Local\Temp\testng-eclipse-976625083\testng-customsuite.xml
	at org.testng.internal.Parameters.createParameters(Parameters.java:199)
	at org.testng.internal.Parameters.createParameters(Parameters.java:443)
	at org.testng.internal.Parameters.handleParameters(Parameters.java:569)
	at org.testng.internal.Invoker.handleParameters(Invoker.java:1308)
	at org.testng.internal.Invoker.createParameters(Invoker.java:1036)
	at org.testng.internal.Invoker.invokeTestMethods(Invoker.java:1126)
	at org.testng.internal.TestMethodWorker.invokeTestMethods(TestMethodWorker.java:126)
	at org.testng.internal.TestMethodWorker.run(TestMethodWorker.java:109)
	at org.testng.TestRunner.privateRun(TestRunner.java:744)
	at org.testng.TestRunner.run(TestRunner.java:602)
	at org.testng.SuiteRunner.runTest(SuiteRunner.java:380)
	at org.testng.SuiteRunner.runSequentially(SuiteRunner.java:375)
	at org.testng.SuiteRunner.privateRun(SuiteRunner.java:340)
	at org.testng.SuiteRunner.run(SuiteRunner.java:289)
	at org.testng.SuiteRunnerWorker.runSuite(SuiteRunnerWorker.java:52)
	at org.testng.SuiteRunnerWorker.run(SuiteRunnerWorker.java:86)
	at org.testng.TestNG.runSuitesSequentially(TestNG.java:1301)
	at org.testng.TestNG.runSuitesLocally(TestNG.java:1226)
	at org.testng.TestNG.runSuites(TestNG.java:1144)
	at org.testng.TestNG.run(TestNG.java:1115)
	at org.testng.remote.AbstractRemoteTestNG.run(AbstractRemoteTestNG.java:114)
	at org.testng.remote.RemoteTestNG.initAndRun(RemoteTestNG.java:251)
	at org.testng.remote.RemoteTestNG.main(RemoteTestNG.java:77)
]]>
            </full-stacktrace>
          </exception> <!-- org.testng.TestNGException -->
          <reporter-output>
          </reporter-output>
        </test-method> <!-- loginpage -->
      </class> <!-- com.mushishi.selenium.testCase.testLogin -->
      <class name="com.mushishi.selenium.testCase.testCourseListPage">
        <test-method status="FAIL" signature="CourseList()[pri:0, instance:com.mushishi.selenium.testCase.testCourseListPage@18271936]" name="CourseList" duration-ms="4404" started-at="2018-02-11T21:01:56Z" finished-at="2018-02-11T21:02:00Z">
          <exception class="org.openqa.selenium.NoSuchElementException">
            <message>
              <![CDATA[no such element: Unable to locate element: {"method":"xpath","selector":"//*[contains(text(),'语法+分布式爬虫实战 为转型工程师量身打造，让你彻底掌握go语言')]"}
  (Session info: chrome=63.0.3239.132)
  (Driver info: chromedriver=2.33.506120 (e3e53437346286c0bc2d2dc9aa4915ba81d9023f),platform=Windows NT 10.0.16299 x86_64) (WARNING: The server did not provide any stacktrace information)
Command duration or timeout: 32 milliseconds
For documentation on this error, please visit: http://seleniumhq.org/exceptions/no_such_element.html
Build info: version: '3.4.0', revision: 'unknown', time: 'unknown'
System info: host: 'DESKTOP-V6094B8', ip: '192.168.58.1', os.name: 'Windows 10', os.arch: 'amd64', os.version: '10.0', java.version: '1.8.0_131'
Driver info: org.openqa.selenium.chrome.ChromeDriver
Capabilities [{applicationCacheEnabled=false, rotatable=false, mobileEmulationEnabled=false, networkConnectionEnabled=false, chrome={chromedriverVersion=2.33.506120 (e3e53437346286c0bc2d2dc9aa4915ba81d9023f), userDataDir=C:\Users\zhangwei\AppData\Local\Temp\scoped_dir15992_16663}, takesHeapSnapshot=true, pageLoadStrategy=normal, databaseEnabled=false, handlesAlerts=true, hasTouchScreen=false, version=63.0.3239.132, platform=XP, browserConnectionEnabled=false, nativeEvents=true, acceptSslCerts=true, locationContextEnabled=true, webStorageEnabled=true, browserName=chrome, takesScreenshot=true, javascriptEnabled=true, cssSelectorsEnabled=true, setWindowRect=true, unexpectedAlertBehaviour=}]
Session ID: 48fe0f6c78117a200dcfddebf188ce30
*** Element info: {Using=xpath, value=//*[contains(text(),'语法+分布式爬虫实战 为转型工程师量身打造，让你彻底掌握go语言')]}]]>
            </message>
            <full-stacktrace>
              <![CDATA[org.openqa.selenium.NoSuchElementException: no such element: Unable to locate element: {"method":"xpath","selector":"//*[contains(text(),'语法+分布式爬虫实战 为转型工程师量身打造，让你彻底掌握go语言')]"}
  (Session info: chrome=63.0.3239.132)
  (Driver info: chromedriver=2.33.506120 (e3e53437346286c0bc2d2dc9aa4915ba81d9023f),platform=Windows NT 10.0.16299 x86_64) (WARNING: The server did not provide any stacktrace information)
Command duration or timeout: 32 milliseconds
For documentation on this error, please visit: http://seleniumhq.org/exceptions/no_such_element.html
Build info: version: '3.4.0', revision: 'unknown', time: 'unknown'
System info: host: 'DESKTOP-V6094B8', ip: '192.168.58.1', os.name: 'Windows 10', os.arch: 'amd64', os.version: '10.0', java.version: '1.8.0_131'
Driver info: org.openqa.selenium.chrome.ChromeDriver
Capabilities [{applicationCacheEnabled=false, rotatable=false, mobileEmulationEnabled=false, networkConnectionEnabled=false, chrome={chromedriverVersion=2.33.506120 (e3e53437346286c0bc2d2dc9aa4915ba81d9023f), userDataDir=C:\Users\zhangwei\AppData\Local\Temp\scoped_dir15992_16663}, takesHeapSnapshot=true, pageLoadStrategy=normal, databaseEnabled=false, handlesAlerts=true, hasTouchScreen=false, version=63.0.3239.132, platform=XP, browserConnectionEnabled=false, nativeEvents=true, acceptSslCerts=true, locationContextEnabled=true, webStorageEnabled=true, browserName=chrome, takesScreenshot=true, javascriptEnabled=true, cssSelectorsEnabled=true, setWindowRect=true, unexpectedAlertBehaviour=}]
Session ID: 48fe0f6c78117a200dcfddebf188ce30
*** Element info: {Using=xpath, value=//*[contains(text(),'语法+分布式爬虫实战 为转型工程师量身打造，让你彻底掌握go语言')]}
	at sun.reflect.NativeConstructorAccessorImpl.newInstance0(Native Method)
	at sun.reflect.NativeConstructorAccessorImpl.newInstance(NativeConstructorAccessorImpl.java:62)
	at sun.reflect.DelegatingConstructorAccessorImpl.newInstance(DelegatingConstructorAccessorImpl.java:45)
	at java.lang.reflect.Constructor.newInstance(Constructor.java:423)
	at org.openqa.selenium.remote.ErrorHandler.createThrowable(ErrorHandler.java:215)
	at org.openqa.selenium.remote.ErrorHandler.throwIfResponseFailed(ErrorHandler.java:167)
	at org.openqa.selenium.remote.RemoteWebDriver.execute(RemoteWebDriver.java:671)
	at org.openqa.selenium.remote.RemoteWebDriver.findElement(RemoteWebDriver.java:410)
	at org.openqa.selenium.remote.RemoteWebDriver.findElementByXPath(RemoteWebDriver.java:509)
	at org.openqa.selenium.By$ByXPath.findElement(By.java:361)
	at org.openqa.selenium.remote.RemoteWebDriver.findElement(RemoteWebDriver.java:402)
	at com.mushishi.selenium.base.DriverBase.findElement(DriverBase.java:42)
	at com.mushishi.selenium.testCase.testCourseListPage.getElement(testCourseListPage.java:68)
	at com.mushishi.selenium.testCase.testCourseListPage.CourseList(testCourseListPage.java:24)
	at sun.reflect.NativeMethodAccessorImpl.invoke0(Native Method)
	at sun.reflect.NativeMethodAccessorImpl.invoke(NativeMethodAccessorImpl.java:62)
	at sun.reflect.DelegatingMethodAccessorImpl.invoke(DelegatingMethodAccessorImpl.java:43)
	at java.lang.reflect.Method.invoke(Method.java:498)
	at org.testng.internal.MethodInvocationHelper.invokeMethod(MethodInvocationHelper.java:108)
	at org.testng.internal.Invoker.invokeMethod(Invoker.java:661)
	at org.testng.internal.Invoker.invokeTestMethod(Invoker.java:869)
	at org.testng.internal.Invoker.invokeTestMethods(Invoker.java:1193)
	at org.testng.internal.TestMethodWorker.invokeTestMethods(TestMethodWorker.java:126)
	at org.testng.internal.TestMethodWorker.run(TestMethodWorker.java:109)
	at org.testng.TestRunner.privateRun(TestRunner.java:744)
	at org.testng.TestRunner.run(TestRunner.java:602)
	at org.testng.SuiteRunner.runTest(SuiteRunner.java:380)
	at org.testng.SuiteRunner.runSequentially(SuiteRunner.java:375)
	at org.testng.SuiteRunner.privateRun(SuiteRunner.java:340)
	at org.testng.SuiteRunner.run(SuiteRunner.java:289)
	at org.testng.SuiteRunnerWorker.runSuite(SuiteRunnerWorker.java:52)
	at org.testng.SuiteRunnerWorker.run(SuiteRunnerWorker.java:86)
	at org.testng.TestNG.runSuitesSequentially(TestNG.java:1301)
	at org.testng.TestNG.runSuitesLocally(TestNG.java:1226)
	at org.testng.TestNG.runSuites(TestNG.java:1144)
	at org.testng.TestNG.run(TestNG.java:1115)
	at org.testng.remote.AbstractRemoteTestNG.run(AbstractRemoteTestNG.java:114)
	at org.testng.remote.RemoteTestNG.initAndRun(RemoteTestNG.java:251)
	at org.testng.remote.RemoteTestNG.main(RemoteTestNG.java:77)
]]>
            </full-stacktrace>
          </exception> <!-- org.openqa.selenium.NoSuchElementException -->
          <reporter-output>
          </reporter-output>
        </test-method> <!-- CourseList -->
      </class> <!-- com.mushishi.selenium.testCase.testCourseListPage -->
      <class name="com.mushishi.selenium.testCase.SuiteTestBuy">
        <test-method status="PASS" signature="beforeClass()[pri:0, instance:com.mushishi.selenium.testCase.SuiteTestBuy@5afa3c9]" name="beforeClass" is-config="true" duration-ms="6861" started-at="2018-02-11T21:01:35Z" finished-at="2018-02-11T21:01:42Z">
          <reporter-output>
          </reporter-output>
        </test-method> <!-- beforeClass -->
        <test-method status="PASS" signature="testBuy()[pri:0, instance:com.mushishi.selenium.testCase.SuiteTestBuy@5afa3c9]" name="testBuy" duration-ms="2183" started-at="2018-02-11T21:01:42Z" finished-at="2018-02-11T21:01:44Z">
          <reporter-output>
          </reporter-output>
        </test-method> <!-- testBuy -->
        <test-method status="PASS" signature="afterClass()[pri:0, instance:com.mushishi.selenium.testCase.SuiteTestBuy@5afa3c9]" name="afterClass" is-config="true" duration-ms="2122" started-at="2018-02-11T21:01:44Z" finished-at="2018-02-11T21:01:46Z">
          <reporter-output>
          </reporter-output>
        </test-method> <!-- afterClass -->
      </class> <!-- com.mushishi.selenium.testCase.SuiteTestBuy -->
      <class name="com.mushishi.selenium.testCase.login">
        <test-method status="PASS" signature="loginTest()[pri:0, instance:com.mushishi.selenium.testCase.login@3f191845]" name="loginTest" is-config="true" duration-ms="2005" started-at="2018-02-11T21:01:25Z" finished-at="2018-02-11T21:01:27Z">
          <reporter-output>
          </reporter-output>
        </test-method> <!-- loginTest -->
        <test-method status="PASS" signature="testLoginHome()[pri:0, instance:com.mushishi.selenium.testCase.login@3f191845]" name="testLoginHome" duration-ms="8059" started-at="2018-02-11T21:01:27Z" finished-at="2018-02-11T21:01:35Z">
          <reporter-output>
          </reporter-output>
        </test-method> <!-- testLoginHome -->
        <test-method status="FAIL" signature="testLogin(java.lang.String, java.lang.String)[pri:0, instance:com.mushishi.selenium.testCase.login@3f191845]" name="testLogin" duration-ms="0" started-at="2018-02-11T21:02:00Z" depends-on-methods="com.mushishi.selenium.testCase.login.testLoginHome" finished-at="2018-02-11T21:02:00Z">
          <exception class="org.testng.TestNGException">
            <message>
              <![CDATA[
Parameter 'username' is required by @Test on method testLogin but has not been marked @Optional or defined
in C:\Users\zhangwei\AppData\Local\Temp\testng-eclipse-976625083\testng-customsuite.xml]]>
            </message>
            <full-stacktrace>
              <![CDATA[org.testng.TestNGException: 
Parameter 'username' is required by @Test on method testLogin but has not been marked @Optional or defined
in C:\Users\zhangwei\AppData\Local\Temp\testng-eclipse-976625083\testng-customsuite.xml
	at org.testng.internal.Parameters.createParameters(Parameters.java:199)
	at org.testng.internal.Parameters.createParameters(Parameters.java:443)
	at org.testng.internal.Parameters.handleParameters(Parameters.java:569)
	at org.testng.internal.Invoker.handleParameters(Invoker.java:1308)
	at org.testng.internal.Invoker.createParameters(Invoker.java:1036)
	at org.testng.internal.Invoker.invokeTestMethods(Invoker.java:1126)
	at org.testng.internal.TestMethodWorker.invokeTestMethods(TestMethodWorker.java:126)
	at org.testng.internal.TestMethodWorker.run(TestMethodWorker.java:109)
	at org.testng.TestRunner.privateRun(TestRunner.java:744)
	at org.testng.TestRunner.run(TestRunner.java:602)
	at org.testng.SuiteRunner.runTest(SuiteRunner.java:380)
	at org.testng.SuiteRunner.runSequentially(SuiteRunner.java:375)
	at org.testng.SuiteRunner.privateRun(SuiteRunner.java:340)
	at org.testng.SuiteRunner.run(SuiteRunner.java:289)
	at org.testng.SuiteRunnerWorker.runSuite(SuiteRunnerWorker.java:52)
	at org.testng.SuiteRunnerWorker.run(SuiteRunnerWorker.java:86)
	at org.testng.TestNG.runSuitesSequentially(TestNG.java:1301)
	at org.testng.TestNG.runSuitesLocally(TestNG.java:1226)
	at org.testng.TestNG.runSuites(TestNG.java:1144)
	at org.testng.TestNG.run(TestNG.java:1115)
	at org.testng.remote.AbstractRemoteTestNG.run(AbstractRemoteTestNG.java:114)
	at org.testng.remote.RemoteTestNG.initAndRun(RemoteTestNG.java:251)
	at org.testng.remote.RemoteTestNG.main(RemoteTestNG.java:77)
]]>
            </full-stacktrace>
          </exception> <!-- org.testng.TestNGException -->
          <reporter-output>
          </reporter-output>
        </test-method> <!-- testLogin -->
        <test-method status="SKIP" signature="TestAddCart()[pri:0, instance:com.mushishi.selenium.testCase.login@3f191845]" name="TestAddCart" duration-ms="0" started-at="2018-02-11T21:02:00Z" depends-on-methods="com.mushishi.selenium.testCase.login.testLogin" finished-at="2018-02-11T21:02:00Z">
          <exception class="java.lang.Throwable">
            <message>
              <![CDATA[Method login.TestAddCart()[pri:0, instance:com.mushishi.selenium.testCase.login@3f191845] depends on not successfully finished methods]]>
            </message>
            <full-stacktrace>
              <![CDATA[java.lang.Throwable: Method login.TestAddCart()[pri:0, instance:com.mushishi.selenium.testCase.login@3f191845] depends on not successfully finished methods
	at org.testng.internal.Invoker.invokeTestMethods(Invoker.java:1084)
	at org.testng.internal.TestMethodWorker.invokeTestMethods(TestMethodWorker.java:126)
	at org.testng.internal.TestMethodWorker.run(TestMethodWorker.java:109)
	at org.testng.TestRunner.privateRun(TestRunner.java:744)
	at org.testng.TestRunner.run(TestRunner.java:602)
	at org.testng.SuiteRunner.runTest(SuiteRunner.java:380)
	at org.testng.SuiteRunner.runSequentially(SuiteRunner.java:375)
	at org.testng.SuiteRunner.privateRun(SuiteRunner.java:340)
	at org.testng.SuiteRunner.run(SuiteRunner.java:289)
	at org.testng.SuiteRunnerWorker.runSuite(SuiteRunnerWorker.java:52)
	at org.testng.SuiteRunnerWorker.run(SuiteRunnerWorker.java:86)
	at org.testng.TestNG.runSuitesSequentially(TestNG.java:1301)
	at org.testng.TestNG.runSuitesLocally(TestNG.java:1226)
	at org.testng.TestNG.runSuites(TestNG.java:1144)
	at org.testng.TestNG.run(TestNG.java:1115)
	at org.testng.remote.AbstractRemoteTestNG.run(AbstractRemoteTestNG.java:114)
	at org.testng.remote.RemoteTestNG.initAndRun(RemoteTestNG.java:251)
	at org.testng.remote.RemoteTestNG.main(RemoteTestNG.java:77)
]]>
            </full-stacktrace>
          </exception> <!-- java.lang.Throwable -->
          <reporter-output>
          </reporter-output>
        </test-method> <!-- TestAddCart -->
        <test-method status="SKIP" signature="TestSureOrder()[pri:0, instance:com.mushishi.selenium.testCase.login@3f191845]" name="TestSureOrder" duration-ms="0" started-at="2018-02-11T21:02:00Z" depends-on-methods="com.mushishi.selenium.testCase.login.TestAddCart" finished-at="2018-02-11T21:02:00Z">
          <exception class="java.lang.Throwable">
            <message>
              <![CDATA[Method login.TestSureOrder()[pri:0, instance:com.mushishi.selenium.testCase.login@3f191845] depends on not successfully finished methods]]>
            </message>
            <full-stacktrace>
              <![CDATA[java.lang.Throwable: Method login.TestSureOrder()[pri:0, instance:com.mushishi.selenium.testCase.login@3f191845] depends on not successfully finished methods
	at org.testng.internal.Invoker.invokeTestMethods(Invoker.java:1084)
	at org.testng.internal.TestMethodWorker.invokeTestMethods(TestMethodWorker.java:126)
	at org.testng.internal.TestMethodWorker.run(TestMethodWorker.java:109)
	at org.testng.TestRunner.privateRun(TestRunner.java:744)
	at org.testng.TestRunner.run(TestRunner.java:602)
	at org.testng.SuiteRunner.runTest(SuiteRunner.java:380)
	at org.testng.SuiteRunner.runSequentially(SuiteRunner.java:375)
	at org.testng.SuiteRunner.privateRun(SuiteRunner.java:340)
	at org.testng.SuiteRunner.run(SuiteRunner.java:289)
	at org.testng.SuiteRunnerWorker.runSuite(SuiteRunnerWorker.java:52)
	at org.testng.SuiteRunnerWorker.run(SuiteRunnerWorker.java:86)
	at org.testng.TestNG.runSuitesSequentially(TestNG.java:1301)
	at org.testng.TestNG.runSuitesLocally(TestNG.java:1226)
	at org.testng.TestNG.runSuites(TestNG.java:1144)
	at org.testng.TestNG.run(TestNG.java:1115)
	at org.testng.remote.AbstractRemoteTestNG.run(AbstractRemoteTestNG.java:114)
	at org.testng.remote.RemoteTestNG.initAndRun(RemoteTestNG.java:251)
	at org.testng.remote.RemoteTestNG.main(RemoteTestNG.java:77)
]]>
            </full-stacktrace>
          </exception> <!-- java.lang.Throwable -->
          <reporter-output>
          </reporter-output>
        </test-method> <!-- TestSureOrder -->
        <test-method status="SKIP" signature="TestGoPay()[pri:0, instance:com.mushishi.selenium.testCase.login@3f191845]" name="TestGoPay" duration-ms="0" started-at="2018-02-11T21:02:00Z" depends-on-methods="com.mushishi.selenium.testCase.login.TestSureOrder" finished-at="2018-02-11T21:02:00Z">
          <exception class="java.lang.Throwable">
            <message>
              <![CDATA[Method login.TestGoPay()[pri:0, instance:com.mushishi.selenium.testCase.login@3f191845] depends on not successfully finished methods]]>
            </message>
            <full-stacktrace>
              <![CDATA[java.lang.Throwable: Method login.TestGoPay()[pri:0, instance:com.mushishi.selenium.testCase.login@3f191845] depends on not successfully finished methods
	at org.testng.internal.Invoker.invokeTestMethods(Invoker.java:1084)
	at org.testng.internal.TestMethodWorker.invokeTestMethods(TestMethodWorker.java:126)
	at org.testng.internal.TestMethodWorker.run(TestMethodWorker.java:109)
	at org.testng.TestRunner.privateRun(TestRunner.java:744)
	at org.testng.TestRunner.run(TestRunner.java:602)
	at org.testng.SuiteRunner.runTest(SuiteRunner.java:380)
	at org.testng.SuiteRunner.runSequentially(SuiteRunner.java:375)
	at org.testng.SuiteRunner.privateRun(SuiteRunner.java:340)
	at org.testng.SuiteRunner.run(SuiteRunner.java:289)
	at org.testng.SuiteRunnerWorker.runSuite(SuiteRunnerWorker.java:52)
	at org.testng.SuiteRunnerWorker.run(SuiteRunnerWorker.java:86)
	at org.testng.TestNG.runSuitesSequentially(TestNG.java:1301)
	at org.testng.TestNG.runSuitesLocally(TestNG.java:1226)
	at org.testng.TestNG.runSuites(TestNG.java:1144)
	at org.testng.TestNG.run(TestNG.java:1115)
	at org.testng.remote.AbstractRemoteTestNG.run(AbstractRemoteTestNG.java:114)
	at org.testng.remote.RemoteTestNG.initAndRun(RemoteTestNG.java:251)
	at org.testng.remote.RemoteTestNG.main(RemoteTestNG.java:77)
]]>
            </full-stacktrace>
          </exception> <!-- java.lang.Throwable -->
          <reporter-output>
          </reporter-output>
        </test-method> <!-- TestGoPay -->
        <test-method status="PASS" signature="clodse()[pri:0, instance:com.mushishi.selenium.testCase.login@3f191845]" name="clodse" is-config="true" duration-ms="2353" started-at="2018-02-11T21:02:00Z" finished-at="2018-02-11T21:02:02Z">
          <reporter-output>
          </reporter-output>
        </test-method> <!-- clodse -->
      </class> <!-- com.mushishi.selenium.testCase.login -->
      <class name="com.mushishi.selenium.testCase.testngTest">
        <test-method status="PASS" signature="test01()[pri:0, instance:com.mushishi.selenium.testCase.testngTest@72cc7e6f]" name="test01" is-config="true" duration-ms="0" started-at="2018-02-11T21:02:02Z" finished-at="2018-02-11T21:02:02Z">
          <reporter-output>
          </reporter-output>
        </test-method> <!-- test01 -->
        <test-method status="PASS" signature="test02()[pri:0, instance:com.mushishi.selenium.testCase.testngTest@72cc7e6f]" name="test02" is-config="true" duration-ms="0" started-at="2018-02-11T21:02:02Z" finished-at="2018-02-11T21:02:02Z">
          <reporter-output>
          </reporter-output>
        </test-method> <!-- test02 -->
        <test-method status="PASS" signature="test()[pri:0, instance:com.mushishi.selenium.testCase.testngTest@72cc7e6f]" name="test" duration-ms="2" started-at="2018-02-11T21:02:02Z" finished-at="2018-02-11T21:02:02Z">
          <reporter-output>
          </reporter-output>
        </test-method> <!-- test -->
        <test-method status="PASS" signature="test002()[pri:0, instance:com.mushishi.selenium.testCase.testngTest@72cc7e6f]" name="test002" duration-ms="0" started-at="2018-02-11T21:02:02Z" finished-at="2018-02-11T21:02:02Z">
          <reporter-output>
          </reporter-output>
        </test-method> <!-- test002 -->
        <test-method status="PASS" signature="test03()[pri:0, instance:com.mushishi.selenium.testCase.testngTest@72cc7e6f]" name="test03" is-config="true" duration-ms="0" started-at="2018-02-11T21:02:02Z" finished-at="2018-02-11T21:02:02Z">
          <reporter-output>
          </reporter-output>
        </test-method> <!-- test03 -->
        <test-method status="PASS" signature="test02()[pri:0, instance:com.mushishi.selenium.testCase.testngTest@72cc7e6f]" name="test02" is-config="true" duration-ms="0" started-at="2018-02-11T21:02:02Z" finished-at="2018-02-11T21:02:02Z">
          <reporter-output>
          </reporter-output>
        </test-method> <!-- test02 -->
        <test-method status="PASS" signature="test03()[pri:0, instance:com.mushishi.selenium.testCase.testngTest@72cc7e6f]" name="test03" is-config="true" duration-ms="0" started-at="2018-02-11T21:02:02Z" finished-at="2018-02-11T21:02:02Z">
          <reporter-output>
          </reporter-output>
        </test-method> <!-- test03 -->
        <test-method status="PASS" signature="test04()[pri:0, instance:com.mushishi.selenium.testCase.testngTest@72cc7e6f]" name="test04" is-config="true" duration-ms="0" started-at="2018-02-11T21:02:02Z" finished-at="2018-02-11T21:02:02Z">
          <reporter-output>
          </reporter-output>
        </test-method> <!-- test04 -->
      </class> <!-- com.mushishi.selenium.testCase.testngTest -->
      <class name="com.mushishi.selenium.testCase.SuiteTestLogin">
        <test-method status="PASS" signature="beforeClass()[pri:0, instance:com.mushishi.selenium.testCase.SuiteTestLogin@72035809]" name="beforeClass" is-config="true" duration-ms="3556" started-at="2018-02-11T21:01:46Z" finished-at="2018-02-11T21:01:50Z">
          <reporter-output>
          </reporter-output>
        </test-method> <!-- beforeClass -->
        <test-method status="PASS" signature="testLogin()[pri:0, instance:com.mushishi.selenium.testCase.SuiteTestLogin@72035809]" name="testLogin" duration-ms="5696" started-at="2018-02-11T21:01:50Z" finished-at="2018-02-11T21:01:55Z">
          <reporter-output>
          </reporter-output>
        </test-method> <!-- testLogin -->
        <test-method status="PASS" signature="afterClass()[pri:0, instance:com.mushishi.selenium.testCase.SuiteTestLogin@72035809]" name="afterClass" is-config="true" duration-ms="199" started-at="2018-02-11T21:01:55Z" finished-at="2018-02-11T21:01:56Z">
          <reporter-output>
          </reporter-output>
        </test-method> <!-- afterClass -->
      </class> <!-- com.mushishi.selenium.testCase.SuiteTestLogin -->
    </test> <!-- Default test -->
  </suite> <!-- Default suite -->
</testng-results>
